2023-04-03 14:24:12.917  INFO 16344 --- [main] com.oop.ConsumerAppApplication           : Starting ConsumerAppApplication using Java 1.8.0_31 on LAPTOP-VAUJT1OU with PID 16344 (D:\Raghu-Sir-Rest\ConsumerApp\target\classes started by HP in D:\Raghu-Sir-Rest\ConsumerApp)
2023-04-03 14:24:12.919  INFO 16344 --- [main] com.oop.ConsumerAppApplication           : No active profile set, falling back to 1 default profile: "default"
2023-04-03 14:24:13.421  INFO 16344 --- [main] o.s.b.w.embedded.tomcat.TomcatWebServer  : Tomcat initialized with port(s): 8000 (http)
2023-04-03 14:24:13.425  INFO 16344 --- [main] o.apache.catalina.core.StandardService   : Starting service [Tomcat]
2023-04-03 14:24:13.426  INFO 16344 --- [main] org.apache.catalina.core.StandardEngine  : Starting Servlet engine: [Apache Tomcat/9.0.73]
2023-04-03 14:24:13.514  INFO 16344 --- [main] o.a.c.c.C.[Tomcat].[localhost].[/]       : Initializing Spring embedded WebApplicationContext
2023-04-03 14:24:13.514  INFO 16344 --- [main] w.s.c.ServletWebServerApplicationContext : Root WebApplicationContext: initialization completed in 559 ms
2023-04-03 14:24:13.775  INFO 16344 --- [main] o.s.b.w.embedded.tomcat.TomcatWebServer  : Tomcat started on port(s): 8000 (http) with context path ''
2023-04-03 14:24:13.782  INFO 16344 --- [main] com.oop.ConsumerAppApplication           : Started ConsumerAppApplication in 1.104 seconds (JVM running for 1.585)
2023-04-03 14:24:13.783  INFO 16344 --- [main] o.s.boot.CommandLineRunner               : Update Started
2023-04-03 14:24:13.972  INFO 16344 --- [main] o.s.boot.CommandLineRunner               : Data is : {} 10---Data ---Employee [id=101, name=Om Prakash Kumar, salary=20003.4]
2023-04-03 14:24:13.972  INFO 16344 --- [main] o.s.boot.CommandLineRunner               : Status Code  {}200 OK
2023-04-03 14:24:13.973  INFO 16344 --- [main] o.s.boot.CommandLineRunner               : Status Code Value{}200
2023-04-03 14:24:13.973  INFO 16344 --- [main] o.s.boot.CommandLineRunner               : Update Success
2023-04-03 14:24:59.924  INFO 16344 --- [RMI TCP Connection(9)-127.0.0.1] inMXBeanRegistrar$SpringApplicationAdmin : Application shutdown requested.
2023-04-03 14:25:00.058  INFO 16344 --- [RMI TCP Connection(9)-127.0.0.1] o.apache.catalina.core.StandardService   : Stopping service [Tomcat]
2023-04-03 14:25:03.824  INFO 2436 --- [main] com.oop.ConsumerAppApplication           : Starting ConsumerAppApplication using Java 1.8.0_31 on LAPTOP-VAUJT1OU with PID 2436 (D:\Raghu-Sir-Rest\ConsumerApp\target\classes started by HP in D:\Raghu-Sir-Rest\ConsumerApp)
2023-04-03 14:25:03.826  INFO 2436 --- [main] com.oop.ConsumerAppApplication           : No active profile set, falling back to 1 default profile: "default"
2023-04-03 14:25:04.381  INFO 2436 --- [main] o.s.b.w.embedded.tomcat.TomcatWebServer  : Tomcat initialized with port(s): 8000 (http)
2023-04-03 14:25:04.386  INFO 2436 --- [main] o.apache.catalina.core.StandardService   : Starting service [Tomcat]
2023-04-03 14:25:04.386  INFO 2436 --- [main] org.apache.catalina.core.StandardEngine  : Starting Servlet engine: [Apache Tomcat/9.0.73]
2023-04-03 14:25:04.455  INFO 2436 --- [main] o.a.c.c.C.[Tomcat].[localhost].[/]       : Initializing Spring embedded WebApplicationContext
2023-04-03 14:25:04.456  INFO 2436 --- [main] w.s.c.ServletWebServerApplicationContext : Root WebApplicationContext: initialization completed in 595 ms
2023-04-03 14:25:04.718  INFO 2436 --- [main] o.s.b.w.embedded.tomcat.TomcatWebServer  : Tomcat started on port(s): 8000 (http) with context path ''
2023-04-03 14:25:04.724  INFO 2436 --- [main] com.oop.ConsumerAppApplication           : Started ConsumerAppApplication in 1.151 seconds (JVM running for 1.669)
2023-04-03 14:25:04.725  INFO 2436 --- [main] o.s.boot.CommandLineRunner               : Update Started
2023-04-03 14:25:04.790  INFO 2436 --- [main] o.s.boot.CommandLineRunner               : Data is : {} 10---Data ---Employee [id=101, name=Om Prakash Kumar, salary=20003.4]
2023-04-03 14:25:04.790  INFO 2436 --- [main] o.s.boot.CommandLineRunner               : Status Code  {}200 OK
2023-04-03 14:25:04.790  INFO 2436 --- [main] o.s.boot.CommandLineRunner               : Status Code Value{}200
2023-04-03 14:25:04.790  INFO 2436 --- [main] o.s.boot.CommandLineRunner               : Update Success
2023-04-03 14:26:54.126  INFO 4876 --- [main] com.oop.ConsumerAppApplication           : Starting ConsumerAppApplication using Java 1.8.0_31 on LAPTOP-VAUJT1OU with PID 4876 (D:\Raghu-Sir-Rest\ConsumerApp\target\classes started by HP in D:\Raghu-Sir-Rest\ConsumerApp)
2023-04-03 14:26:54.128  INFO 4876 --- [main] com.oop.ConsumerAppApplication           : No active profile set, falling back to 1 default profile: "default"
2023-04-03 14:26:54.691  INFO 4876 --- [main] o.s.b.w.embedded.tomcat.TomcatWebServer  : Tomcat initialized with port(s): 8000 (http)
2023-04-03 14:26:54.696  INFO 4876 --- [main] o.apache.catalina.core.StandardService   : Starting service [Tomcat]
2023-04-03 14:26:54.697  INFO 4876 --- [main] org.apache.catalina.core.StandardEngine  : Starting Servlet engine: [Apache Tomcat/9.0.73]
2023-04-03 14:26:54.780  INFO 4876 --- [main] o.a.c.c.C.[Tomcat].[localhost].[/]       : Initializing Spring embedded WebApplicationContext
2023-04-03 14:26:54.780  INFO 4876 --- [main] w.s.c.ServletWebServerApplicationContext : Root WebApplicationContext: initialization completed in 626 ms
2023-04-03 14:26:55.040  INFO 4876 --- [main] o.s.b.w.embedded.tomcat.TomcatWebServer  : Tomcat started on port(s): 8000 (http) with context path ''
2023-04-03 14:26:55.046  INFO 4876 --- [main] com.oop.ConsumerAppApplication           : Started ConsumerAppApplication in 1.184 seconds (JVM running for 1.685)
2023-04-03 14:26:55.048  INFO 4876 --- [main] o.s.boot.CommandLineRunner               : Update Started
2023-04-03 14:26:55.114  INFO 4876 --- [main] o.s.boot.CommandLineRunner               : Data is : {} 10---Data ---Employee [id=101, name=Om Prakash Kumar, salary=20003.4]
2023-04-03 14:26:55.114  INFO 4876 --- [main] o.s.boot.CommandLineRunner               : Status Code Value {}200 OK
2023-04-03 14:26:55.114  INFO 4876 --- [main] o.s.boot.CommandLineRunner               : Status Code {}200
2023-04-03 14:26:55.114  INFO 4876 --- [main] o.s.boot.CommandLineRunner               : Update Success
